#
# There is insufficient memory for the Java Runtime Environment to continue.
# Native memory allocation (malloc) failed to allocate 1048576 bytes for AllocateHeap
# Possible reasons:
#   The system is out of physical RAM or swap space
#   The process is running with CompressedOops enabled, and the Java Heap may be blocking the growth of the native heap
# Possible solutions:
#   Reduce memory load on the system
#   Increase physical memory or swap space
#   Check if swap backing store is full
#   Decrease Java heap size (-Xmx/-Xms)
#   Decrease number of Java threads
#   Decrease Java thread stack sizes (-Xss)
#   Set larger code cache with -XX:ReservedCodeCacheSize=
#   JVM is running with Unscaled Compressed Oops mode in which the Java heap is
#     placed in the first 4GB address space. The Java Heap base address is the
#     maximum limit for the native heap growth. Please use -XX:HeapBaseMinAddress
#     to set the Java Heap base and to place the Java Heap above 4GB virtual address.
# This output file may be truncated or incomplete.
#
#  Out of Memory Error (memory/allocation.inline.hpp:61), pid=33980, tid=0x00000000000051fc
#
# JRE version:  (8.0_201-b09) (build )
# Java VM: Java HotSpot(TM) 64-Bit Server VM (25.201-b09 mixed mode windows-amd64 compressed oops)
# Failed to write core dump. Minidumps are not enabled by default on client versions of Windows
#

---------------  T H R E A D  ---------------

Current thread (0x000000000256d800):  JavaThread "Unknown thread" [_thread_in_vm, id=20988, stack(0x0000000002620000,0x0000000002720000)]

Stack: [0x0000000002620000,0x0000000002720000]
[error occurred during error reporting (printing stack bounds), id 0xc0000005]

Native frames: (J=compiled Java code, j=interpreted, Vv=VM code, C=native code)


---------------  P R O C E S S  ---------------

Java Threads: ( => current thread )

Other Threads:

=>0x000000000256d800 (exited) JavaThread "Unknown thread" [_thread_in_vm, id=20988, stack(0x0000000002620000,0x0000000002720000)]

VM state:not at safepoint (normal execution)

VM Mutex/Monitor currently owned by a thread: None

heap address: 0x0000000084600000, size: 1978 MB, Compressed Oops mode: 32-bit
Narrow klass base: 0x0000000000000000, Narrow klass shift: 3
Compressed class space size: 1073741824 Address: 0x0000000100000000

Heap:
 PSYoungGen      total 36864K, used 634K [0x00000000d6d00000, 0x00000000d9600000, 0x0000000100000000)
  eden space 31744K, 2% used [0x00000000d6d00000,0x00000000d6d9eb90,0x00000000d8c00000)
  from space 5120K, 0% used [0x00000000d9100000,0x00000000d9100000,0x00000000d9600000)
  to   space 5120K, 0% used [0x00000000d8c00000,0x00000000d8c00000,0x00000000d9100000)
 ParOldGen       total 84992K, used 0K [0x0000000084600000, 0x0000000089900000, 0x00000000d6d00000)
  object space 84992K, 0% used [0x0000000084600000,0x0000000084600000,0x0000000089900000)
 Metaspace       used 775K, capacity 4480K, committed 4480K, reserved 1056768K
  class space    used 76K, capacity 384K, committed 384K, reserved 1048576K

Card table byte_map: [0x0000000011be0000,0x0000000011fc0000] byte_map_base: 0x00000000117bd000

Marking Bits: (ParMarkBitMap*) 0x0000000067c44ce0
 Begin Bits: [0x0000000012a60000, 0x0000000014948000)
 End Bits:   [0x0000000014948000, 0x0000000016830000)

Polling page: 0x0000000000d00000

CodeCache: size=245760Kb used=328Kb max_used=328Kb free=245431Kb
 bounds [0x0000000002820000, 0x0000000002a90000, 0x0000000011820000]
 total_blobs=58 nmethods=0 adapters=38
 compilation: enabled

Compilation events (0 events):
No events

GC Heap History (0 events):
No events

Deoptimization events (0 events):
No events

Classes redefined (0 events):
No events

Internal exceptions (0 events):
No events

Events (10 events):
Event: 0.032 loading class java/lang/Short
Event: 0.032 loading class java/lang/Short done
Event: 0.032 loading class java/lang/Integer
Event: 0.033 loading class java/lang/Integer done
Event: 0.033 loading class java/lang/Long
Event: 0.033 loading class java/lang/Long done
Event: 0.034 loading class java/lang/NullPointerException
Event: 0.034 loading class java/lang/NullPointerException done
Event: 0.034 loading class java/lang/ArithmeticException
Event: 0.034 loading class java/lang/ArithmeticException done


Dynamic libraries:
0x00007ff734580000 - 0x00007ff7345b7000 	C:\Program Files\Java\jdk1.8.0_201\bin\java.exe
0x00007ffe62d70000 - 0x00007ffe62f87000 	C:\WINDOWS\SYSTEM32\ntdll.dll
0x00007ffe616b0000 - 0x00007ffe61774000 	C:\WINDOWS\System32\KERNEL32.DLL
0x00007ffe60180000 - 0x00007ffe60527000 	C:\WINDOWS\System32\KERNELBASE.dll
0x00007ffe60aa0000 - 0x00007ffe60b52000 	C:\WINDOWS\System32\ADVAPI32.dll
0x00007ffe61790000 - 0x00007ffe61837000 	C:\WINDOWS\System32\msvcrt.dll
0x00007ffe60ea0000 - 0x00007ffe60f48000 	C:\WINDOWS\System32\sechost.dll
0x00007ffe60090000 - 0x00007ffe600b8000 	C:\WINDOWS\System32\bcrypt.dll
0x00007ffe61450000 - 0x00007ffe61565000 	C:\WINDOWS\System32\RPCRT4.dll
0x00007ffe60ce0000 - 0x00007ffe60e8e000 	C:\WINDOWS\System32\USER32.dll
0x00007ffe60740000 - 0x00007ffe60766000 	C:\WINDOWS\System32\win32u.dll
0x00007ffe60f50000 - 0x00007ffe60f79000 	C:\WINDOWS\System32\GDI32.dll
0x00007ffe60810000 - 0x00007ffe60929000 	C:\WINDOWS\System32\gdi32full.dll
0x00007ffe60770000 - 0x00007ffe6080a000 	C:\WINDOWS\System32\msvcp_win.dll
0x00007ffe60530000 - 0x00007ffe60641000 	C:\WINDOWS\System32\ucrtbase.dll
0x00007ffe4eb90000 - 0x00007ffe4ee23000 	C:\WINDOWS\WinSxS\amd64_microsoft.windows.common-controls_6595b64144ccf1df_6.0.22621.3527_none_270e469b73872a76\COMCTL32.dll
0x00007ffe62a90000 - 0x00007ffe62ac1000 	C:\WINDOWS\System32\IMM32.DLL
0x0000000067340000 - 0x0000000067411000 	C:\Program Files\Java\jdk1.8.0_201\jre\bin\msvcr100.dll
0x0000000067420000 - 0x0000000067cc4000 	C:\Program Files\Java\jdk1.8.0_201\jre\bin\server\jvm.dll
0x00007ffe61cc0000 - 0x00007ffe61cc8000 	C:\WINDOWS\System32\PSAPI.DLL
0x00007ffe54270000 - 0x00007ffe54279000 	C:\WINDOWS\SYSTEM32\WSOCK32.dll
0x00007ffe54200000 - 0x00007ffe54234000 	C:\WINDOWS\SYSTEM32\WINMM.dll
0x00007ffe52490000 - 0x00007ffe5249a000 	C:\WINDOWS\SYSTEM32\VERSION.dll
0x00007ffe62b30000 - 0x00007ffe62ba1000 	C:\WINDOWS\System32\WS2_32.dll
0x00007ffe54260000 - 0x00007ffe5426f000 	C:\Program Files\Java\jdk1.8.0_201\jre\bin\verify.dll
0x00007ffe457a0000 - 0x00007ffe457c9000 	C:\Program Files\Java\jdk1.8.0_201\jre\bin\java.dll
0x00007ffe3bfc0000 - 0x00007ffe3bfd6000 	C:\Program Files\Java\jdk1.8.0_201\jre\bin\zip.dll

VM Arguments:
jvm_args: -Dfile.encoding=UTF-8 
java_command: bank.management.system.withdraw
java_class_path (initial): C:\Users\nannu\Downloads\jcalendar-tz-1.3.3-4.jar;C:\Users\nannu\Downloads\mysql-connector-java-8.0.28.jar;C:\Users\nannu\Documents\NetBeansProjects\bank management system\build\classes
Launcher Type: SUN_STANDARD

Environment Variables:
PATH=C:\Program Files\Java\jdk1.8.0_201\bin;C:\Program Files\MySQL\MySQL Shell 8.0\bin\;C:\Program Files\Java\jdk1.8.0_201\bin;C:\Users\nannu\AppData\Local\Programs\Microsoft VS Code\bin
USERNAME=nannu
OS=Windows_NT
PROCESSOR_IDENTIFIER=Intel64 Family 6 Model 142 Stepping 11, GenuineIntel



---------------  S Y S T E M  ---------------

OS: Windows 10.0 , 64 bit Build 22621 (10.0.22621.3527)

CPU:total 8 (initial active 8) (4 cores per cpu, 2 threads per core) family 6 model 142 stepping 11, cmov, cx8, fxsr, mmx, sse, sse2, sse3, ssse3, sse4.1, sse4.2, popcnt, avx, avx2, aes, clmul, erms, 3dnowpref, lzcnt, ht, tsc, tscinvbit, bmi1, bmi2, adx

Memory: 4k page, physical 8096148k(357416k free), swap 33261972k(5252k free)

vm_info: Java HotSpot(TM) 64-Bit Server VM (25.201-b09) for windows-amd64 JRE (1.8.0_201-b09), built on Dec 15 2018 18:36:39 by "java_re" with MS VC++ 10.0 (VS2010)

time: Wed Jun 26 22:39:21 2024
timezone: India Standard Time
elapsed time: 0 seconds (0d 0h 0m 0s)

